# JRE version: OpenJDK Runtime Environment OpenLogic-OpenJDK (17.0.13+11) (build 17.0.13+11-adhoc..jdk17u)
# Java VM: OpenJDK 64-Bit Server VM OpenLogic-OpenJDK (17.0.13+11-adhoc..jdk17u, mixed mode, sharing, tiered, compressed oops, compressed class ptrs, g1 gc, windows-amd64)
GC Precious Log:
 CPUs: 8 total, 8 available
 Memory: 7934M
 Large Page Support: Disabled
 NUMA Support: Disabled
 Compressed Oops: Enabled (32-bit)
 Heap Region Size: 1M
 Heap Min Capacity: 8M
 Heap Initial Capacity: 124M
 Heap Max Capacity: 1984M
 Pre-touch: Disabled
 Parallel Workers: 8
 Concurrent Workers: 2
 Concurrent Refinement Workers: 8
 Periodic GC: Disabled
Heap:
 garbage-first heap   total 590848K, used 411968K [0x0000000084000000, 0x0000000100000000)
  region size 1024K, 1 young (1024K), 1 survivors (1024K)
 Metaspace       used 40102K, committed 40512K, reserved 1114112K
  class space    used 4731K, committed 4928K, reserved 1048576K
GC Heap History (20 events):
Event: 921.955 GC heap before
{Heap before GC invocations=44 (full 0):
 garbage-first heap   total 140288K, used 67956K [0x0000000084000000, 0x0000000100000000)
  region size 1024K, 4 young (4096K), 3 survivors (3072K)
 Metaspace       used 40032K, committed 40384K, reserved 1114112K
  class space    used 4726K, committed 4928K, reserved 1048576K
}
Event: 921.957 GC heap after
{Heap after GC invocations=45 (full 0):
 garbage-first heap   total 140288K, used 66904K [0x0000000084000000, 0x0000000100000000)
  region size 1024K, 2 young (2048K), 2 survivors (2048K)
 Metaspace       used 40032K, committed 40384K, reserved 1114112K
  class space    used 4726K, committed 4928K, reserved 1048576K
}
Event: 922.024 GC heap before
{Heap before GC invocations=46 (full 0):
 garbage-first heap   total 148480K, used 86360K [0x0000000084000000, 0x0000000100000000)
  region size 1024K, 3 young (3072K), 2 survivors (2048K)
 Metaspace       used 40044K, committed 40384K, reserved 1114112K
  class space    used 4726K, committed 4928K, reserved 1048576K
}
Event: 922.026 GC heap after
{Heap after GC invocations=47 (full 0):
 garbage-first heap   total 148480K, used 86298K [0x0000000084000000, 0x0000000100000000)
  region size 1024K, 2 young (2048K), 2 survivors (2048K)
 Metaspace       used 40044K, committed 40384K, reserved 1114112K
  class space    used 4726K, committed 4928K, reserved 1048576K
}
Event: 922.095 GC heap before
{Heap before GC invocations=48 (full 0):
 garbage-first heap   total 198656K, used 115994K [0x0000000084000000, 0x0000000100000000)
  region size 1024K, 3 young (3072K), 2 survivors (2048K)
 Metaspace       used 40053K, committed 40384K, reserved 1114112K
  class space    used 4729K, committed 4928K, reserved 1048576K
}
Event: 922.097 GC heap after
{Heap after GC invocations=49 (full 0):
 garbage-first heap   total 198656K, used 115962K [0x0000000084000000, 0x0000000100000000)
  region size 1024K, 1 young (1024K), 1 survivors (1024K)
 Metaspace       used 40053K, committed 40384K, reserved 1114112K
  class space    used 4729K, committed 4928K, reserved 1048576K
}
Event: 922.195 GC heap before
{Heap before GC invocations=50 (full 0):
 garbage-first heap   total 295936K, used 175354K [0x0000000084000000, 0x0000000100000000)
  region size 1024K, 2 young (2048K), 1 survivors (1024K)
 Metaspace       used 40058K, committed 40448K, reserved 1114112K
  class space    used 4730K, committed 4928K, reserved 1048576K
}
Event: 922.196 GC heap after
{Heap after GC invocations=51 (full 0):
 garbage-first heap   total 295936K, used 145656K [0x0000000084000000, 0x0000000100000000)
  region size 1024K, 1 young (1024K), 1 survivors (1024K)
 Metaspace       used 40058K, committed 40448K, reserved 1114112K
  class space    used 4730K, committed 4928K, reserved 1048576K
}
Event: 922.225 GC heap before
{Heap before GC invocations=52 (full 0):
 garbage-first heap   total 295936K, used 161016K [0x0000000084000000, 0x0000000100000000)
  region size 1024K, 2 young (2048K), 1 survivors (1024K)
 Metaspace       used 40060K, committed 40448K, reserved 1114112K
  class space    used 4731K, committed 4928K, reserved 1048576K
}
Event: 922.227 GC heap after
{Heap after GC invocations=53 (full 0):
 garbage-first heap   total 355328K, used 161102K [0x0000000084000000, 0x0000000100000000)
  region size 1024K, 1 young (1024K), 1 survivors (1024K)
 Metaspace       used 40060K, committed 40448K, reserved 1114112K
  class space    used 4731K, committed 4928K, reserved 1048576K
}
Event: 922.343 GC heap before
{Heap before GC invocations=54 (full 0):
 garbage-first heap   total 365568K, used 218446K [0x0000000084000000, 0x0000000100000000)
  region size 1024K, 2 young (2048K), 1 survivors (1024K)
 Metaspace       used 40060K, committed 40448K, reserved 1114112K
  class space    used 4731K, committed 4928K, reserved 1048576K
}
Event: 922.345 GC heap after
{Heap after GC invocations=55 (full 0):
 garbage-first heap   total 365568K, used 204075K [0x0000000084000000, 0x0000000100000000)
  region size 1024K, 1 young (1024K), 1 survivors (1024K)
 Metaspace       used 40060K, committed 40448K, reserved 1114112K
  class space    used 4731K, committed 4928K, reserved 1048576K
}
Event: 922.543 GC heap before
{Heap before GC invocations=56 (full 0):
 garbage-first heap   total 440320K, used 262443K [0x0000000084000000, 0x0000000100000000)
  region size 1024K, 2 young (2048K), 1 survivors (1024K)
 Metaspace       used 40094K, committed 40512K, reserved 1114112K
  class space    used 4731K, committed 4928K, reserved 1048576K
}
Event: 922.545 GC heap after
{Heap after GC invocations=57 (full 0):
 garbage-first heap   total 440320K, used 262473K [0x0000000084000000, 0x0000000100000000)
  region size 1024K, 1 young (1024K), 1 survivors (1024K)
 Metaspace       used 40094K, committed 40512K, reserved 1114112K
  class space    used 4731K, committed 4928K, reserved 1048576K
}
Event: 922.630 GC heap before
{Heap before GC invocations=58 (full 0):
 garbage-first heap   total 490496K, used 292169K [0x0000000084000000, 0x0000000100000000)
  region size 1024K, 2 young (2048K), 1 survivors (1024K)
 Metaspace       used 40094K, committed 40512K, reserved 1114112K
  class space    used 4731K, committed 4928K, reserved 1048576K
}
Event: 922.632 GC heap after
{Heap after GC invocations=59 (full 0):
 garbage-first heap   total 490496K, used 292159K [0x0000000084000000, 0x0000000100000000)
  region size 1024K, 1 young (1024K), 1 survivors (1024K)
 Metaspace       used 40094K, committed 40512K, reserved 1114112K
  class space    used 4731K, committed 4928K, reserved 1048576K
}
Event: 922.660 GC heap before
{Heap before GC invocations=60 (full 0):
 garbage-first heap   total 587776K, used 351551K [0x0000000084000000, 0x0000000100000000)
  region size 1024K, 2 young (2048K), 1 survivors (1024K)
 Metaspace       used 40101K, committed 40512K, reserved 1114112K
  class space    used 4731K, committed 4928K, reserved 1048576K
}
Event: 922.662 GC heap after
{Heap after GC invocations=61 (full 0):
 garbage-first heap   total 587776K, used 321844K [0x0000000084000000, 0x0000000100000000)
  region size 1024K, 1 young (1024K), 1 survivors (1024K)
 Metaspace       used 40101K, committed 40512K, reserved 1114112K
  class space    used 4731K, committed 4928K, reserved 1048576K
}
Event: 922.747 GC heap before
{Heap before GC invocations=62 (full 0):
 garbage-first heap   total 590848K, used 352564K [0x0000000084000000, 0x0000000100000000)
  region size 1024K, 2 young (2048K), 1 survivors (1024K)
 Metaspace       used 40102K, committed 40512K, reserved 1114112K
  class space    used 4731K, committed 4928K, reserved 1048576K
}
Event: 922.749 GC heap after
{Heap after GC invocations=63 (full 0):
 garbage-first heap   total 590848K, used 352576K [0x0000000084000000, 0x0000000100000000)
  region size 1024K, 1 young (1024K), 1 survivors (1024K)
 Metaspace       used 40102K, committed 40512K, reserved 1114112K
  class space    used 4731K, committed 4928K, reserved 1048576K
}

