# JRE version: OpenJDK Runtime Environment OpenLogic-OpenJDK (17.0.13+11) (build 17.0.13+11-adhoc..jdk17u)
# Java VM: OpenJDK 64-Bit Server VM OpenLogic-OpenJDK (17.0.13+11-adhoc..jdk17u, mixed mode, sharing, tiered, compressed oops, compressed class ptrs, g1 gc, windows-amd64)
GC Precious Log:
 CPUs: 8 total, 8 available
 Memory: 7934M
 Large Page Support: Disabled
 NUMA Support: Disabled
 Compressed Oops: Enabled (32-bit)
 Heap Region Size: 1M
 Heap Min Capacity: 8M
 Heap Initial Capacity: 124M
 Heap Max Capacity: 1984M
 Pre-touch: Disabled
 Parallel Workers: 8
 Concurrent Workers: 2
 Concurrent Refinement Workers: 8
 Periodic GC: Disabled
Heap:
 garbage-first heap   total 644096K, used 398391K [0x0000000084000000, 0x0000000100000000)
  region size 1024K, 40 young (40960K), 1 survivors (1024K)
 Metaspace       used 24343K, committed 24576K, reserved 1114112K
  class space    used 3214K, committed 3328K, reserved 1048576K
GC Heap History (18 events):
Event: 0.860 GC heap before
{Heap before GC invocations=0 (full 0):
 garbage-first heap   total 126976K, used 29696K [0x0000000084000000, 0x0000000100000000)
  region size 1024K, 23 young (23552K), 0 survivors (0K)
 Metaspace       used 13860K, committed 14080K, reserved 1114112K
  class space    used 2062K, committed 2176K, reserved 1048576K
}
Event: 0.864 GC heap after
{Heap after GC invocations=1 (full 0):
 garbage-first heap   total 126976K, used 9833K [0x0000000084000000, 0x0000000100000000)
  region size 1024K, 3 young (3072K), 3 survivors (3072K)
 Metaspace       used 13860K, committed 14080K, reserved 1114112K
  class space    used 2062K, committed 2176K, reserved 1048576K
}
Event: 10.512 GC heap before
{Heap before GC invocations=1 (full 0):
 garbage-first heap   total 126976K, used 20073K [0x0000000084000000, 0x0000000100000000)
  region size 1024K, 12 young (12288K), 3 survivors (3072K)
 Metaspace       used 17731K, committed 17984K, reserved 1114112K
  class space    used 2453K, committed 2560K, reserved 1048576K
}
Event: 10.516 GC heap after
{Heap after GC invocations=2 (full 0):
 garbage-first heap   total 126976K, used 13791K [0x0000000084000000, 0x0000000100000000)
  region size 1024K, 2 young (2048K), 2 survivors (2048K)
 Metaspace       used 17731K, committed 17984K, reserved 1114112K
  class space    used 2453K, committed 2560K, reserved 1048576K
}
Event: 14.245 GC heap before
{Heap before GC invocations=2 (full 0):
 garbage-first heap   total 126976K, used 24031K [0x0000000084000000, 0x0000000100000000)
  region size 1024K, 13 young (13312K), 2 survivors (2048K)
 Metaspace       used 21247K, committed 21504K, reserved 1114112K
  class space    used 2815K, committed 2944K, reserved 1048576K
}
Event: 14.247 GC heap after
{Heap after GC invocations=3 (full 0):
 garbage-first heap   total 126976K, used 15609K [0x0000000084000000, 0x0000000100000000)
  region size 1024K, 4 young (4096K), 4 survivors (4096K)
 Metaspace       used 21247K, committed 21504K, reserved 1114112K
  class space    used 2815K, committed 2944K, reserved 1048576K
}
Event: 14.731 GC heap before
{Heap before GC invocations=4 (full 0):
 garbage-first heap   total 169984K, used 152825K [0x0000000084000000, 0x0000000100000000)
  region size 1024K, 7 young (7168K), 4 survivors (4096K)
 Metaspace       used 22078K, committed 22336K, reserved 1114112K
  class space    used 2957K, committed 3072K, reserved 1048576K
}
Event: 14.734 GC heap after
{Heap after GC invocations=5 (full 0):
 garbage-first heap   total 169984K, used 121666K [0x0000000084000000, 0x0000000100000000)
  region size 1024K, 5 young (5120K), 5 survivors (5120K)
 Metaspace       used 22078K, committed 22336K, reserved 1114112K
  class space    used 2957K, committed 3072K, reserved 1048576K
}
Event: 15.044 GC heap before
{Heap before GC invocations=5 (full 0):
 garbage-first heap   total 284672K, used 251714K [0x0000000084000000, 0x0000000100000000)
  region size 1024K, 6 young (6144K), 5 survivors (5120K)
 Metaspace       used 22142K, committed 22400K, reserved 1114112K
  class space    used 2958K, committed 3072K, reserved 1048576K
}
Event: 15.047 GC heap after
{Heap after GC invocations=6 (full 0):
 garbage-first heap   total 284672K, used 237748K [0x0000000084000000, 0x0000000100000000)
  region size 1024K, 1 young (1024K), 1 survivors (1024K)
 Metaspace       used 22142K, committed 22400K, reserved 1114112K
  class space    used 2958K, committed 3072K, reserved 1048576K
}
Event: 15.137 GC heap before
{Heap before GC invocations=6 (full 0):
 garbage-first heap   total 284672K, used 267444K [0x0000000084000000, 0x0000000100000000)
  region size 1024K, 2 young (2048K), 1 survivors (1024K)
 Metaspace       used 22143K, committed 22400K, reserved 1114112K
  class space    used 2958K, committed 3072K, reserved 1048576K
}
Event: 15.139 GC heap after
{Heap after GC invocations=7 (full 0):
 garbage-first heap   total 284672K, used 266922K [0x0000000084000000, 0x0000000100000000)
  region size 1024K, 1 young (1024K), 1 survivors (1024K)
 Metaspace       used 22143K, committed 22400K, reserved 1114112K
  class space    used 2958K, committed 3072K, reserved 1048576K
}
Event: 15.179 GC heap before
{Heap before GC invocations=8 (full 0):
 garbage-first heap   total 542720K, used 324266K [0x0000000084000000, 0x0000000100000000)
  region size 1024K, 2 young (2048K), 1 survivors (1024K)
 Metaspace       used 22148K, committed 22400K, reserved 1114112K
  class space    used 2958K, committed 3072K, reserved 1048576K
}
Event: 15.181 GC heap after
{Heap after GC invocations=9 (full 0):
 garbage-first heap   total 542720K, used 294459K [0x0000000084000000, 0x0000000100000000)
  region size 1024K, 1 young (1024K), 1 survivors (1024K)
 Metaspace       used 22148K, committed 22400K, reserved 1114112K
  class space    used 2958K, committed 3072K, reserved 1048576K
}
Event: 15.267 GC heap before
{Heap before GC invocations=10 (full 0):
 garbage-first heap   total 546816K, used 325179K [0x0000000084000000, 0x0000000100000000)
  region size 1024K, 2 young (2048K), 1 survivors (1024K)
 Metaspace       used 22148K, committed 22400K, reserved 1114112K
  class space    used 2958K, committed 3072K, reserved 1048576K
}
Event: 15.269 GC heap after
{Heap after GC invocations=11 (full 0):
 garbage-first heap   total 546816K, used 325152K [0x0000000084000000, 0x0000000100000000)
  region size 1024K, 1 young (1024K), 1 survivors (1024K)
 Metaspace       used 22148K, committed 22400K, reserved 1114112K
  class space    used 2958K, committed 3072K, reserved 1048576K
}
Event: 15.401 GC heap before
{Heap before GC invocations=12 (full 0):
 garbage-first heap   total 644096K, used 384544K [0x0000000084000000, 0x0000000100000000)
  region size 1024K, 2 young (2048K), 1 survivors (1024K)
 Metaspace       used 22153K, committed 22400K, reserved 1114112K
  class space    used 2958K, committed 3072K, reserved 1048576K
}
Event: 15.402 GC heap after
{Heap after GC invocations=13 (full 0):
 garbage-first heap   total 644096K, used 355383K [0x0000000084000000, 0x0000000100000000)
  region size 1024K, 1 young (1024K), 1 survivors (1024K)
 Metaspace       used 22153K, committed 22400K, reserved 1114112K
  class space    used 2958K, committed 3072K, reserved 1048576K
}

