# JRE version: OpenJDK Runtime Environment OpenLogic-OpenJDK (17.0.13+11) (build 17.0.13+11-adhoc..jdk17u)
# Java VM: OpenJDK 64-Bit Server VM OpenLogic-OpenJDK (17.0.13+11-adhoc..jdk17u, mixed mode, sharing, tiered, compressed oops, compressed class ptrs, g1 gc, windows-amd64)
GC Precious Log:
 CPUs: 8 total, 8 available
 Memory: 7934M
 Large Page Support: Disabled
 NUMA Support: Disabled
 Compressed Oops: Enabled (32-bit)
 Heap Region Size: 1M
 Heap Min Capacity: 8M
 Heap Initial Capacity: 124M
 Heap Max Capacity: 1984M
 Pre-touch: Disabled
 Parallel Workers: 8
 Concurrent Workers: 2
 Concurrent Refinement Workers: 8
 Periodic GC: Disabled
Heap:
 garbage-first heap   total 168960K, used 153405K [0x0000000084000000, 0x0000000100000000)
  region size 1024K, 3 young (3072K), 1 survivors (1024K)
 Metaspace       used 26930K, committed 27200K, reserved 1114112K
  class space    used 3368K, committed 3520K, reserved 1048576K
GC Heap History (12 events):
Event: 3.938 GC heap before
{Heap before GC invocations=0 (full 0):
 garbage-first heap   total 126976K, used 29696K [0x0000000084000000, 0x0000000100000000)
  region size 1024K, 23 young (23552K), 0 survivors (0K)
 Metaspace       used 13879K, committed 14080K, reserved 1114112K
  class space    used 2063K, committed 2176K, reserved 1048576K
}
Event: 3.943 GC heap after
{Heap after GC invocations=1 (full 0):
 garbage-first heap   total 126976K, used 9762K [0x0000000084000000, 0x0000000100000000)
  region size 1024K, 3 young (3072K), 3 survivors (3072K)
 Metaspace       used 13879K, committed 14080K, reserved 1114112K
  class space    used 2063K, committed 2176K, reserved 1048576K
}
Event: 9.127 GC heap before
{Heap before GC invocations=1 (full 0):
 garbage-first heap   total 126976K, used 18978K [0x0000000084000000, 0x0000000100000000)
  region size 1024K, 10 young (10240K), 3 survivors (3072K)
 Metaspace       used 17102K, committed 17344K, reserved 1114112K
  class space    used 2399K, committed 2496K, reserved 1048576K
}
Event: 9.131 GC heap after
{Heap after GC invocations=2 (full 0):
 garbage-first heap   total 126976K, used 13632K [0x0000000084000000, 0x0000000100000000)
  region size 1024K, 2 young (2048K), 2 survivors (2048K)
 Metaspace       used 17102K, committed 17344K, reserved 1114112K
  class space    used 2399K, committed 2496K, reserved 1048576K
}
Event: 14.494 GC heap before
{Heap before GC invocations=2 (full 0):
 garbage-first heap   total 126976K, used 25920K [0x0000000084000000, 0x0000000100000000)
  region size 1024K, 15 young (15360K), 2 survivors (2048K)
 Metaspace       used 21263K, committed 21504K, reserved 1114112K
  class space    used 2815K, committed 2944K, reserved 1048576K
}
Event: 14.497 GC heap after
{Heap after GC invocations=3 (full 0):
 garbage-first heap   total 126976K, used 15945K [0x0000000084000000, 0x0000000100000000)
  region size 1024K, 4 young (4096K), 4 survivors (4096K)
 Metaspace       used 21263K, committed 21504K, reserved 1114112K
  class space    used 2815K, committed 2944K, reserved 1048576K
}
Event: 14.856 GC heap before
{Heap before GC invocations=4 (full 0):
 garbage-first heap   total 58368K, used 29257K [0x0000000084000000, 0x0000000100000000)
  region size 1024K, 17 young (17408K), 4 survivors (4096K)
 Metaspace       used 26244K, committed 26560K, reserved 1114112K
  class space    used 3255K, committed 3392K, reserved 1048576K
}
Event: 14.859 GC heap after
{Heap after GC invocations=5 (full 0):
 garbage-first heap   total 58368K, used 18031K [0x0000000084000000, 0x0000000100000000)
  region size 1024K, 6 young (6144K), 6 survivors (6144K)
 Metaspace       used 26244K, committed 26560K, reserved 1114112K
  class space    used 3255K, committed 3392K, reserved 1048576K
}
Event: 15.132 GC heap before
{Heap before GC invocations=5 (full 0):
 garbage-first heap   total 68608K, used 63087K [0x0000000084000000, 0x0000000100000000)
  region size 1024K, 7 young (7168K), 6 survivors (6144K)
 Metaspace       used 26418K, committed 26752K, reserved 1114112K
  class space    used 3285K, committed 3456K, reserved 1048576K
}
Event: 15.136 GC heap after
{Heap after GC invocations=6 (full 0):
 garbage-first heap   total 72704K, used 63796K [0x0000000084000000, 0x0000000100000000)
  region size 1024K, 1 young (1024K), 1 survivors (1024K)
 Metaspace       used 26418K, committed 26752K, reserved 1114112K
  class space    used 3285K, committed 3456K, reserved 1048576K
}
Event: 15.137 GC heap before
{Heap before GC invocations=6 (full 0):
 garbage-first heap   total 72704K, used 63796K [0x0000000084000000, 0x0000000100000000)
  region size 1024K, 2 young (2048K), 1 survivors (1024K)
 Metaspace       used 26425K, committed 26752K, reserved 1114112K
  class space    used 3285K, committed 3456K, reserved 1048576K
}
Event: 15.138 GC heap after
{Heap after GC invocations=7 (full 0):
 garbage-first heap   total 72704K, used 63293K [0x0000000084000000, 0x0000000100000000)
  region size 1024K, 1 young (1024K), 1 survivors (1024K)
 Metaspace       used 26425K, committed 26752K, reserved 1114112K
  class space    used 3285K, committed 3456K, reserved 1048576K
}

