# JRE version: OpenJDK Runtime Environment OpenLogic-OpenJDK (17.0.13+11) (build 17.0.13+11-adhoc..jdk17u)
# Java VM: OpenJDK 64-Bit Server VM OpenLogic-OpenJDK (17.0.13+11-adhoc..jdk17u, mixed mode, sharing, tiered, compressed oops, compressed class ptrs, g1 gc, windows-amd64)
GC Precious Log:
 CPUs: 8 total, 8 available
 Memory: 7934M
 Large Page Support: Disabled
 NUMA Support: Disabled
 Compressed Oops: Enabled (32-bit)
 Heap Region Size: 1M
 Heap Min Capacity: 8M
 Heap Initial Capacity: 124M
 Heap Max Capacity: 1984M
 Pre-touch: Disabled
 Parallel Workers: 8
 Concurrent Workers: 2
 Concurrent Refinement Workers: 8
 Periodic GC: Disabled
Heap:
 garbage-first heap   total 542720K, used 368563K [0x0000000084000000, 0x0000000100000000)
  region size 1024K, 5 young (5120K), 4 survivors (4096K)
 Metaspace       used 24507K, committed 24768K, reserved 1114112K
  class space    used 3237K, committed 3328K, reserved 1048576K
GC Heap History (18 events):
Event: 0.868 GC heap before
{Heap before GC invocations=0 (full 0):
 garbage-first heap   total 126976K, used 29696K [0x0000000084000000, 0x0000000100000000)
  region size 1024K, 23 young (23552K), 0 survivors (0K)
 Metaspace       used 13863K, committed 14080K, reserved 1114112K
  class space    used 2062K, committed 2176K, reserved 1048576K
}
Event: 0.873 GC heap after
{Heap after GC invocations=1 (full 0):
 garbage-first heap   total 126976K, used 9729K [0x0000000084000000, 0x0000000100000000)
  region size 1024K, 3 young (3072K), 3 survivors (3072K)
 Metaspace       used 13863K, committed 14080K, reserved 1114112K
  class space    used 2062K, committed 2176K, reserved 1048576K
}
Event: 2.316 GC heap before
{Heap before GC invocations=1 (full 0):
 garbage-first heap   total 126976K, used 18945K [0x0000000084000000, 0x0000000100000000)
  region size 1024K, 10 young (10240K), 3 survivors (3072K)
 Metaspace       used 17045K, committed 17216K, reserved 1114112K
  class space    used 2400K, committed 2496K, reserved 1048576K
}
Event: 2.321 GC heap after
{Heap after GC invocations=2 (full 0):
 garbage-first heap   total 126976K, used 13469K [0x0000000084000000, 0x0000000100000000)
  region size 1024K, 2 young (2048K), 2 survivors (2048K)
 Metaspace       used 17045K, committed 17216K, reserved 1114112K
  class space    used 2400K, committed 2496K, reserved 1048576K
}
Event: 6.634 GC heap before
{Heap before GC invocations=2 (full 0):
 garbage-first heap   total 126976K, used 24733K [0x0000000084000000, 0x0000000100000000)
  region size 1024K, 14 young (14336K), 2 survivors (2048K)
 Metaspace       used 21247K, committed 21504K, reserved 1114112K
  class space    used 2821K, committed 2944K, reserved 1048576K
}
Event: 6.641 GC heap after
{Heap after GC invocations=3 (full 0):
 garbage-first heap   total 126976K, used 15447K [0x0000000084000000, 0x0000000100000000)
  region size 1024K, 4 young (4096K), 4 survivors (4096K)
 Metaspace       used 21247K, committed 21504K, reserved 1114112K
  class space    used 2821K, committed 2944K, reserved 1048576K
}
Event: 7.155 GC heap before
{Heap before GC invocations=4 (full 0):
 garbage-first heap   total 169984K, used 152663K [0x0000000084000000, 0x0000000100000000)
  region size 1024K, 7 young (7168K), 4 survivors (4096K)
 Metaspace       used 22001K, committed 22272K, reserved 1114112K
  class space    used 2952K, committed 3072K, reserved 1048576K
}
Event: 7.158 GC heap after
{Heap after GC invocations=5 (full 0):
 garbage-first heap   total 169984K, used 121609K [0x0000000084000000, 0x0000000100000000)
  region size 1024K, 5 young (5120K), 5 survivors (5120K)
 Metaspace       used 22001K, committed 22272K, reserved 1114112K
  class space    used 2952K, committed 3072K, reserved 1048576K
}
Event: 7.466 GC heap before
{Heap before GC invocations=5 (full 0):
 garbage-first heap   total 284672K, used 251657K [0x0000000084000000, 0x0000000100000000)
  region size 1024K, 6 young (6144K), 5 survivors (5120K)
 Metaspace       used 22058K, committed 22336K, reserved 1114112K
  class space    used 2953K, committed 3072K, reserved 1048576K
}
Event: 7.469 GC heap after
{Heap after GC invocations=6 (full 0):
 garbage-first heap   total 284672K, used 237470K [0x0000000084000000, 0x0000000100000000)
  region size 1024K, 1 young (1024K), 1 survivors (1024K)
 Metaspace       used 22058K, committed 22336K, reserved 1114112K
  class space    used 2953K, committed 3072K, reserved 1048576K
}
Event: 7.561 GC heap before
{Heap before GC invocations=6 (full 0):
 garbage-first heap   total 284672K, used 267166K [0x0000000084000000, 0x0000000100000000)
  region size 1024K, 2 young (2048K), 1 survivors (1024K)
 Metaspace       used 22059K, committed 22336K, reserved 1114112K
  class space    used 2953K, committed 3072K, reserved 1048576K
}
Event: 7.562 GC heap after
{Heap after GC invocations=7 (full 0):
 garbage-first heap   total 284672K, used 266763K [0x0000000084000000, 0x0000000100000000)
  region size 1024K, 1 young (1024K), 1 survivors (1024K)
 Metaspace       used 22059K, committed 22336K, reserved 1114112K
  class space    used 2953K, committed 3072K, reserved 1048576K
}
Event: 9.907 GC heap before
{Heap before GC invocations=8 (full 0):
 garbage-first heap   total 542720K, used 430603K [0x0000000084000000, 0x0000000100000000)
  region size 1024K, 14 young (14336K), 1 survivors (1024K)
 Metaspace       used 23733K, committed 24000K, reserved 1114112K
  class space    used 3196K, committed 3328K, reserved 1048576K
}
Event: 9.909 GC heap after
{Heap after GC invocations=9 (full 0):
 garbage-first heap   total 542720K, used 362275K [0x0000000084000000, 0x0000000100000000)
  region size 1024K, 2 young (2048K), 2 survivors (2048K)
 Metaspace       used 23733K, committed 24000K, reserved 1114112K
  class space    used 3196K, committed 3328K, reserved 1048576K
}
Event: 12.276 GC heap before
{Heap before GC invocations=9 (full 0):
 garbage-first heap   total 542720K, used 386851K [0x0000000084000000, 0x0000000100000000)
  region size 1024K, 26 young (26624K), 2 survivors (2048K)
 Metaspace       used 24338K, committed 24640K, reserved 1114112K
  class space    used 3214K, committed 3328K, reserved 1048576K
}
Event: 12.282 GC heap after
{Heap after GC invocations=10 (full 0):
 garbage-first heap   total 542720K, used 369254K [0x0000000084000000, 0x0000000100000000)
  region size 1024K, 4 young (4096K), 4 survivors (4096K)
 Metaspace       used 24338K, committed 24640K, reserved 1114112K
  class space    used 3214K, committed 3328K, reserved 1048576K
}
Event: 12.348 GC heap before
{Heap before GC invocations=10 (full 0):
 garbage-first heap   total 542720K, used 380518K [0x0000000084000000, 0x0000000100000000)
  region size 1024K, 16 young (16384K), 4 survivors (4096K)
 Metaspace       used 24469K, committed 24704K, reserved 1114112K
  class space    used 3233K, committed 3328K, reserved 1048576K
}
Event: 12.351 GC heap after
{Heap after GC invocations=11 (full 0):
 garbage-first heap   total 542720K, used 369178K [0x0000000084000000, 0x0000000100000000)
  region size 1024K, 4 young (4096K), 4 survivors (4096K)
 Metaspace       used 24469K, committed 24704K, reserved 1114112K
  class space    used 3233K, committed 3328K, reserved 1048576K
}

