# JRE version: OpenJDK Runtime Environment OpenLogic-OpenJDK (17.0.13+11) (build 17.0.13+11-adhoc..jdk17u)
# Java VM: OpenJDK 64-Bit Server VM OpenLogic-OpenJDK (17.0.13+11-adhoc..jdk17u, mixed mode, sharing, tiered, compressed oops, compressed class ptrs, g1 gc, windows-amd64)
GC Precious Log:
 CPUs: 8 total, 8 available
 Memory: 7934M
 Large Page Support: Disabled
 NUMA Support: Disabled
 Compressed Oops: Enabled (32-bit)
 Heap Region Size: 1M
 Heap Min Capacity: 8M
 Heap Initial Capacity: 124M
 Heap Max Capacity: 1984M
 Pre-touch: Disabled
 Parallel Workers: 8
 Concurrent Workers: 2
 Concurrent Refinement Workers: 8
 Periodic GC: Disabled
Heap:
 garbage-first heap   total 644096K, used 414193K [0x0000000084000000, 0x0000000100000000)
  region size 1024K, 56 young (57344K), 2 survivors (2048K)
 Metaspace       used 24519K, committed 24768K, reserved 1114112K
  class space    used 3214K, committed 3328K, reserved 1048576K
GC Heap History (20 events):
Event: 67.130 GC heap before
{Heap before GC invocations=7 (full 0):
 garbage-first heap   total 106496K, used 61708K [0x0000000084000000, 0x0000000100000000)
  region size 1024K, 2 young (2048K), 1 survivors (1024K)
 Metaspace       used 22187K, committed 22464K, reserved 1114112K
  class space    used 2954K, committed 3072K, reserved 1048576K
}
Event: 67.131 GC heap after
{Heap after GC invocations=8 (full 0):
 garbage-first heap   total 106496K, used 61439K [0x0000000084000000, 0x0000000100000000)
  region size 1024K, 1 young (1024K), 1 survivors (1024K)
 Metaspace       used 22187K, committed 22464K, reserved 1114112K
  class space    used 2954K, committed 3072K, reserved 1048576K
}
Event: 67.225 GC heap before
{Heap before GC invocations=9 (full 0):
 garbage-first heap   total 152576K, used 89087K [0x0000000084000000, 0x0000000100000000)
  region size 1024K, 2 young (2048K), 1 survivors (1024K)
 Metaspace       used 22200K, committed 22464K, reserved 1114112K
  class space    used 2956K, committed 3072K, reserved 1048576K
}
Event: 67.227 GC heap after
{Heap after GC invocations=10 (full 0):
 garbage-first heap   total 152576K, used 89046K [0x0000000084000000, 0x0000000100000000)
  region size 1024K, 1 young (1024K), 1 survivors (1024K)
 Metaspace       used 22200K, committed 22464K, reserved 1114112K
  class space    used 2956K, committed 3072K, reserved 1048576K
}
Event: 67.323 GC heap before
{Heap before GC invocations=11 (full 0):
 garbage-first heap   total 249856K, used 148438K [0x0000000084000000, 0x0000000100000000)
  region size 1024K, 2 young (2048K), 1 survivors (1024K)
 Metaspace       used 22209K, committed 22464K, reserved 1114112K
  class space    used 2958K, committed 3072K, reserved 1048576K
}
Event: 67.325 GC heap after
{Heap after GC invocations=12 (full 0):
 garbage-first heap   total 304128K, used 118734K [0x0000000084000000, 0x0000000100000000)
  region size 1024K, 1 young (1024K), 1 survivors (1024K)
 Metaspace       used 22209K, committed 22464K, reserved 1114112K
  class space    used 2958K, committed 3072K, reserved 1048576K
}
Event: 67.349 GC heap before
{Heap before GC invocations=12 (full 0):
 garbage-first heap   total 304128K, used 134094K [0x0000000084000000, 0x0000000100000000)
  region size 1024K, 2 young (2048K), 1 survivors (1024K)
 Metaspace       used 22216K, committed 22464K, reserved 1114112K
  class space    used 2958K, committed 3072K, reserved 1048576K
}
Event: 67.350 GC heap after
{Heap after GC invocations=13 (full 0):
 garbage-first heap   total 304128K, used 134136K [0x0000000084000000, 0x0000000100000000)
  region size 1024K, 1 young (1024K), 1 survivors (1024K)
 Metaspace       used 22216K, committed 22464K, reserved 1114112K
  class space    used 2958K, committed 3072K, reserved 1048576K
}
Event: 67.454 GC heap before
{Heap before GC invocations=13 (full 0):
 garbage-first heap   total 304128K, used 191480K [0x0000000084000000, 0x0000000100000000)
  region size 1024K, 2 young (2048K), 1 survivors (1024K)
 Metaspace       used 22224K, committed 22464K, reserved 1114112K
  class space    used 2958K, committed 3072K, reserved 1048576K
}
Event: 67.455 GC heap after
{Heap after GC invocations=14 (full 0):
 garbage-first heap   total 304128K, used 177113K [0x0000000084000000, 0x0000000100000000)
  region size 1024K, 1 young (1024K), 1 survivors (1024K)
 Metaspace       used 22224K, committed 22464K, reserved 1114112K
  class space    used 2958K, committed 3072K, reserved 1048576K
}
Event: 67.690 GC heap before
{Heap before GC invocations=15 (full 0):
 garbage-first heap   total 304128K, used 235481K [0x0000000084000000, 0x0000000100000000)
  region size 1024K, 2 young (2048K), 1 survivors (1024K)
 Metaspace       used 22273K, committed 22528K, reserved 1114112K
  class space    used 2959K, committed 3072K, reserved 1048576K
}
Event: 67.691 GC heap after
{Heap after GC invocations=16 (full 0):
 garbage-first heap   total 304128K, used 235505K [0x0000000084000000, 0x0000000100000000)
  region size 1024K, 1 young (1024K), 1 survivors (1024K)
 Metaspace       used 22273K, committed 22528K, reserved 1114112K
  class space    used 2959K, committed 3072K, reserved 1048576K
}
Event: 67.792 GC heap before
{Heap before GC invocations=17 (full 0):
 garbage-first heap   total 445440K, used 265201K [0x0000000084000000, 0x0000000100000000)
  region size 1024K, 2 young (2048K), 1 survivors (1024K)
 Metaspace       used 22274K, committed 22528K, reserved 1114112K
  class space    used 2959K, committed 3072K, reserved 1048576K
}
Event: 67.794 GC heap after
{Heap after GC invocations=18 (full 0):
 garbage-first heap   total 445440K, used 265182K [0x0000000084000000, 0x0000000100000000)
  region size 1024K, 1 young (1024K), 1 survivors (1024K)
 Metaspace       used 22274K, committed 22528K, reserved 1114112K
  class space    used 2959K, committed 3072K, reserved 1048576K
}
Event: 67.831 GC heap before
{Heap before GC invocations=19 (full 0):
 garbage-first heap   total 542720K, used 324574K [0x0000000084000000, 0x0000000100000000)
  region size 1024K, 2 young (2048K), 1 survivors (1024K)
 Metaspace       used 22277K, committed 22528K, reserved 1114112K
  class space    used 2959K, committed 3072K, reserved 1048576K
}
Event: 67.832 GC heap after
{Heap after GC invocations=20 (full 0):
 garbage-first heap   total 542720K, used 294888K [0x0000000084000000, 0x0000000100000000)
  region size 1024K, 1 young (1024K), 1 survivors (1024K)
 Metaspace       used 22277K, committed 22528K, reserved 1114112K
  class space    used 2959K, committed 3072K, reserved 1048576K
}
Event: 67.923 GC heap before
{Heap before GC invocations=21 (full 0):
 garbage-first heap   total 542720K, used 325608K [0x0000000084000000, 0x0000000100000000)
  region size 1024K, 2 young (2048K), 1 survivors (1024K)
 Metaspace       used 22277K, committed 22528K, reserved 1114112K
  class space    used 2959K, committed 3072K, reserved 1048576K
}
Event: 67.924 GC heap after
{Heap after GC invocations=22 (full 0):
 garbage-first heap   total 542720K, used 325617K [0x0000000084000000, 0x0000000100000000)
  region size 1024K, 1 young (1024K), 1 survivors (1024K)
 Metaspace       used 22277K, committed 22528K, reserved 1114112K
  class space    used 2959K, committed 3072K, reserved 1048576K
}
Event: 68.023 GC heap before
{Heap before GC invocations=23 (full 0):
 garbage-first heap   total 644096K, used 385009K [0x0000000084000000, 0x0000000100000000)
  region size 1024K, 2 young (2048K), 1 survivors (1024K)
 Metaspace       used 22283K, committed 22528K, reserved 1114112K
  class space    used 2959K, committed 3072K, reserved 1048576K
}
Event: 68.024 GC heap after
{Heap after GC invocations=24 (full 0):
 garbage-first heap   total 644096K, used 355825K [0x0000000084000000, 0x0000000100000000)
  region size 1024K, 2 young (2048K), 2 survivors (2048K)
 Metaspace       used 22283K, committed 22528K, reserved 1114112K
  class space    used 2959K, committed 3072K, reserved 1048576K
}

